<?xml version="1.0" encoding="UTF-8"?>
<testsuite xmlns:xsi="http://www.w3.org/2001/XMLSchema-instance" xsi:noNamespaceSchemaLocation="https://maven.apache.org/surefire/maven-surefire-plugin/xsd/surefire-test-report.xsd" name="br.cefsa.edu.calculos.ValidadoraCalculos" time="0.067" tests="13" errors="0" skipped="0" failures="0">
  <properties>
    <property name="java.specification.version" value="17"/>
    <property name="sun.cpu.isalist" value="amd64"/>
    <property name="sun.jnu.encoding" value="Cp1252"/>
    <property name="java.class.path" value="C:\Users\rafae\OneDrive\FTT\6º Semestre\sistema-de-gestao-escolar\ClassesLib\target\test-classes;C:\Users\rafae\OneDrive\FTT\6º Semestre\sistema-de-gestao-escolar\ClassesLib\target\classes;C:\Users\rafae\.m2\repository\org\junit\jupiter\junit-jupiter\5.8.2\junit-jupiter-5.8.2.jar;C:\Users\rafae\.m2\repository\org\junit\jupiter\junit-jupiter-api\5.8.2\junit-jupiter-api-5.8.2.jar;C:\Users\rafae\.m2\repository\org\opentest4j\opentest4j\1.2.0\opentest4j-1.2.0.jar;C:\Users\rafae\.m2\repository\org\junit\platform\junit-platform-commons\1.8.2\junit-platform-commons-1.8.2.jar;C:\Users\rafae\.m2\repository\org\apiguardian\apiguardian-api\1.1.2\apiguardian-api-1.1.2.jar;C:\Users\rafae\.m2\repository\org\junit\jupiter\junit-jupiter-params\5.8.2\junit-jupiter-params-5.8.2.jar;C:\Users\rafae\.m2\repository\org\junit\jupiter\junit-jupiter-engine\5.8.2\junit-jupiter-engine-5.8.2.jar;C:\Users\rafae\.m2\repository\org\junit\platform\junit-platform-engine\1.8.2\junit-platform-engine-1.8.2.jar;"/>
    <property name="java.vm.vendor" value="Eclipse Adoptium"/>
    <property name="sun.arch.data.model" value="64"/>
    <property name="user.variant" value=""/>
    <property name="java.vendor.url" value="https://adoptium.net/"/>
    <property name="user.timezone" value="America/Sao_Paulo"/>
    <property name="os.name" value="Windows 10"/>
    <property name="java.vm.specification.version" value="17"/>
    <property name="user.country" value="BR"/>
    <property name="sun.java.launcher" value="SUN_STANDARD"/>
    <property name="sun.boot.library.path" value="C:\Users\rafae\AppData\Local\Programs\Eclipse Adoptium\jdk-17.0.2.8-hotspot\bin"/>
    <property name="sun.java.command" value="C:\Users\rafae\AppData\Local\Temp\surefire710922031094077174\surefirebooter1409525737158950476.jar C:\Users\rafae\AppData\Local\Temp\surefire710922031094077174 2022-05-14T23-14-15_799-jvmRun1 surefire13222295211492790605tmp surefire_02886990188239269570tmp"/>
    <property name="jdk.debug" value="release"/>
    <property name="test" value="br.cefsa.edu.calculos.ValidadoraCalculos"/>
    <property name="surefire.test.class.path" value="C:\Users\rafae\OneDrive\FTT\6º Semestre\sistema-de-gestao-escolar\ClassesLib\target\test-classes;C:\Users\rafae\OneDrive\FTT\6º Semestre\sistema-de-gestao-escolar\ClassesLib\target\classes;C:\Users\rafae\.m2\repository\org\junit\jupiter\junit-jupiter\5.8.2\junit-jupiter-5.8.2.jar;C:\Users\rafae\.m2\repository\org\junit\jupiter\junit-jupiter-api\5.8.2\junit-jupiter-api-5.8.2.jar;C:\Users\rafae\.m2\repository\org\opentest4j\opentest4j\1.2.0\opentest4j-1.2.0.jar;C:\Users\rafae\.m2\repository\org\junit\platform\junit-platform-commons\1.8.2\junit-platform-commons-1.8.2.jar;C:\Users\rafae\.m2\repository\org\apiguardian\apiguardian-api\1.1.2\apiguardian-api-1.1.2.jar;C:\Users\rafae\.m2\repository\org\junit\jupiter\junit-jupiter-params\5.8.2\junit-jupiter-params-5.8.2.jar;C:\Users\rafae\.m2\repository\org\junit\jupiter\junit-jupiter-engine\5.8.2\junit-jupiter-engine-5.8.2.jar;C:\Users\rafae\.m2\repository\org\junit\platform\junit-platform-engine\1.8.2\junit-platform-engine-1.8.2.jar;"/>
    <property name="sun.cpu.endian" value="little"/>
    <property name="user.home" value="C:\Users\rafae"/>
    <property name="user.language" value="pt"/>
    <property name="java.specification.vendor" value="Oracle Corporation"/>
    <property name="java.version.date" value="2022-01-18"/>
    <property name="java.home" value="C:\Users\rafae\AppData\Local\Programs\Eclipse Adoptium\jdk-17.0.2.8-hotspot"/>
    <property name="file.separator" value="\"/>
    <property name="basedir" value="C:\Users\rafae\OneDrive\FTT\6º Semestre\sistema-de-gestao-escolar\ClassesLib"/>
    <property name="java.vm.compressedOopsMode" value="Zero based"/>
    <property name="line.separator" value="&#10;"/>
    <property name="java.vm.specification.vendor" value="Oracle Corporation"/>
    <property name="java.specification.name" value="Java Platform API Specification"/>
    <property name="surefire.real.class.path" value="C:\Users\rafae\AppData\Local\Temp\surefire710922031094077174\surefirebooter1409525737158950476.jar"/>
    <property name="user.script" value=""/>
    <property name="sun.management.compiler" value="HotSpot 64-Bit Tiered Compilers"/>
    <property name="java.runtime.version" value="17.0.2+8"/>
    <property name="user.name" value="rafae"/>
    <property name="path.separator" value=";"/>
    <property name="os.version" value="10.0"/>
    <property name="java.runtime.name" value="OpenJDK Runtime Environment"/>
    <property name="file.encoding" value="UTF-8"/>
    <property name="java.vm.name" value="OpenJDK 64-Bit Server VM"/>
    <property name="java.vendor.version" value="Temurin-17.0.2+8"/>
    <property name="maven.ext.class.path" value="C:\Program Files\NetBeans-12.6\netbeans\java\maven-nblib\netbeans-eventspy.jar"/>
    <property name="localRepository" value="C:\Users\rafae\.m2\repository"/>
    <property name="java.vendor.url.bug" value="https://github.com/adoptium/adoptium-support/issues"/>
    <property name="java.io.tmpdir" value="C:\Users\rafae\AppData\Local\Temp\"/>
    <property name="java.version" value="17.0.2"/>
    <property name="user.dir" value="C:\Users\rafae\OneDrive\FTT\6º Semestre\sistema-de-gestao-escolar\ClassesLib"/>
    <property name="os.arch" value="amd64"/>
    <property name="java.vm.specification.name" value="Java Virtual Machine Specification"/>
    <property name="sun.os.patch.level" value=""/>
    <property name="native.encoding" value="Cp1252"/>
    <property name="java.library.path" value="C:\Users\rafae\AppData\Local\Programs\Eclipse Adoptium\jdk-17.0.2.8-hotspot\bin;C:\WINDOWS\Sun\Java\bin;C:\WINDOWS\system32;C:\WINDOWS;C:\Program Files\Common Files\Oracle\Java\javapath;C:\Program Files (x86)\Common Files\Oracle\Java\javapath;C:\Windows\system32;C:\Windows;C:\Windows\System32\Wbem;C:\Windows\System32\WindowsPowerShell\v1.0\;C:\Windows\System32\OpenSSH\;C:\Program Files (x86)\NVIDIA Corporation\PhysX\Common;C:\WINDOWS\system32;C:\WINDOWS;C:\WINDOWS\System32\Wbem;C:\WINDOWS\System32\WindowsPowerShell\v1.0\;C:\WINDOWS\System32\OpenSSH\;C:\Program Files\Azure Data Studio\bin;C:\Program Files\NVIDIA Corporation\NVIDIA NvDLISR;C:\Program Files\dotnet\;C:\Program Files\Microsoft SQL Server\130\Tools\Binn\;C:\Program Files\Git\cmd;C:\Program Files (x86)\Microsoft SQL Server\150\DTS\Binn\;C:\Program Files\Microsoft SQL Server\Client SDK\ODBC\170\Tools\Binn\;C:\Program Files\nodejs\;C:\Users\rafae\AppData\Local\Programs\Eclipse Adoptium\jdk-17.0.2.8-hotspot\bin;C:\Users\rafae\AppData\Local\Microsoft\WindowsApps;;C:\Program Files\Azure Data Studio\bin;C:\Users\rafae\.dotnet\tools;C:\Users\rafae\AppData\Local\Programs\Microsoft VS Code\bin;C:\Users\rafae\AppData\Roaming\npm;."/>
    <property name="java.vm.info" value="mixed mode, sharing"/>
    <property name="java.vendor" value="Eclipse Adoptium"/>
    <property name="java.vm.version" value="17.0.2+8"/>
    <property name="sun.io.unicode.encoding" value="UnicodeLittle"/>
    <property name="java.class.version" value="61.0"/>
  </properties>
  <testcase name="seFrequenciasNaoPertencemAoMesmoPeriodoLetivoEhEsperadoException" classname="br.cefsa.edu.calculos.ValidadoraCalculos" time="0.022"/>
  <testcase name="seFrequenciasNaoPertencemAoMesmoAlunoEhEsperadoException" classname="br.cefsa.edu.calculos.ValidadoraCalculos" time="0.001"/>
  <testcase name="seNotasNaoPertencemAoMesmoTipoEhEsperadoException" classname="br.cefsa.edu.calculos.ValidadoraCalculos" time="0.001"/>
  <testcase name="seNotasDeAlunoEPesosSaoValidosEFatorFrequenciaAtivoCalculaMedia" classname="br.cefsa.edu.calculos.ValidadoraCalculos" time="0.003"/>
  <testcase name="seSomaDosPesosForDiferentedeUmEhEsperadoException" classname="br.cefsa.edu.calculos.ValidadoraCalculos" time="0"/>
  <testcase name="seFrequenciasNaoPertencemAMesmaMateriaEhEsperadoException" classname="br.cefsa.edu.calculos.ValidadoraCalculos" time="0.001"/>
  <testcase name="seNotasDeAlunoEPesosSaoValidosCalculaMedia" classname="br.cefsa.edu.calculos.ValidadoraCalculos" time="0.001"/>
  <testcase name="seNotasNaoPertencemAoMesmoAlunoEhEsperadoException" classname="br.cefsa.edu.calculos.ValidadoraCalculos" time="0.001"/>
  <testcase name="seQuantidadeDeFrequenciasForMenorQueUmEhEsperadoException" classname="br.cefsa.edu.calculos.ValidadoraCalculos" time="0.001"/>
  <testcase name="seQuantidadeDeNotasForDiferenteDeQuatroEhEsperadoException" classname="br.cefsa.edu.calculos.ValidadoraCalculos" time="0.001"/>
  <testcase name="sePesoForIgualAZeroEhEsperadoException" classname="br.cefsa.edu.calculos.ValidadoraCalculos" time="0.001"/>
  <testcase name="seNotasForemMenorQueZeroOuMaiorQueDezEhEsperadoException" classname="br.cefsa.edu.calculos.ValidadoraCalculos" time="0.001"/>
  <testcase name="seQuantidadeDePesosForDiferenteDeQuatroEhEsperadoException" classname="br.cefsa.edu.calculos.ValidadoraCalculos" time="0.001"/>
</testsuite>